<?xml version="1.0" encoding="UTF-8"?>
<!-- Generated by org.testng.reporters.JUnitReportReporter -->
<testsuite hostname="T470" name="Scroll_Bar.ScrollByPageBottom" tests="1" failures="0" timestamp="11 Oct 2018 02:37:11 GMT" time="15.213" errors="0">
  <testcase name="ByPage" time="15.213" classname="Scroll_Bar.ScrollByPageBottom"/>
</testsuite> <!-- Scroll_Bar.ScrollByPageBottom -->
