<?xml version="1.0" encoding="UTF-8"?>
<!-- Generated by org.testng.reporters.JUnitReportReporter -->
<testsuite hostname="DESKTOP-PQV0186" name="SessionHandling.TestGuru99MultipleSession" tests="3" failures="0" timestamp="1 Oct 2018 07:58:40 GMT" time="27.402" errors="0">
  <testcase name="executeSessionTwo" time="8.551" classname="SessionHandling.TestGuru99MultipleSession"/>
  <testcase name="executSessionThree" time="7.401" classname="SessionHandling.TestGuru99MultipleSession"/>
  <testcase name="executSessionOne" time="11.450" classname="SessionHandling.TestGuru99MultipleSession"/>
</testsuite> <!-- SessionHandling.TestGuru99MultipleSession -->
