<?xml version="1.0" encoding="UTF-8"?>
<!-- Generated by org.testng.reporters.JUnitReportReporter -->
<testsuite hostname="T470" name="Scroll_Bar.ScrollByVisibleElement" tests="1" failures="0" timestamp="11 Oct 2018 02:34:45 GMT" time="11.465" errors="0">
  <testcase name="ByVisibleElement" time="11.465" classname="Scroll_Bar.ScrollByVisibleElement"/>
</testsuite> <!-- Scroll_Bar.ScrollByVisibleElement -->
