<?xml version="1.0" encoding="UTF-8"?>
<!-- Generated by org.testng.reporters.JUnitReportReporter -->
<testsuite hostname="DESKTOP-PQV0186" name="SessionHandling.SessionHandling" tests="1" failures="0" timestamp="1 Oct 2018 04:03:56 GMT" time="0.012" errors="0">
  <testcase name="Test" time="0.012" classname="SessionHandling.SessionHandling"/>
</testsuite> <!-- SessionHandling.SessionHandling -->
