<?xml version="1.0" encoding="UTF-8"?>
<!-- Generated by org.testng.reporters.JUnitReportReporter -->
<testsuite hostname="T470" name="Scroll_Bar.HorizontalScroll" tests="1" failures="0" timestamp="11 Oct 2018 02:37:49 GMT" time="9.745" errors="0">
  <testcase name="ScrollHorizontally" time="9.745" classname="Scroll_Bar.HorizontalScroll"/>
</testsuite> <!-- Scroll_Bar.HorizontalScroll -->
