<?xml version="1.0" encoding="UTF-8"?>
<!-- Generated by org.testng.reporters.JUnitReportReporter -->
<testsuite hostname="T470" name="Scroll_Bar.ScrollByPixel" tests="1" failures="0" timestamp="11 Oct 2018 02:33:47 GMT" time="11.583" errors="0">
  <testcase name="ByPixel" time="11.583" classname="Scroll_Bar.ScrollByPixel"/>
</testsuite> <!-- Scroll_Bar.ScrollByPixel -->
